

Processing Rails::InfoController#properties (for 127.0.0.1 at 2010-08-27 20:49:13) [GET]
  [4;36;1mSQL (33.0ms)[0m   [0;1m SELECT name
 FROM sqlite_master
 WHERE type = 'table' AND NOT name = 'sqlite_sequence'
[0m
Completed in 146ms (View: 26, DB: 33) | 200 OK [http://0.0.0.0/rails/info/properties]
  [4;36;1mSQL (662.0ms)[0m   [0;1m SELECT name
 FROM sqlite_master
 WHERE type = 'table' AND NOT name = 'sqlite_sequence'
[0m
  [4;35;1mTransformer Load (10.0ms)[0m   [0mSELECT * FROM transformer WHERE (transformer.id = 1) [0m
  [4;36;1mSQL (645.0ms)[0m   [0;1m SELECT name
 FROM sqlite_master
 WHERE type = 'table' AND NOT name = 'sqlite_sequence'
[0m
  [4;35;1mSQL (3.0ms)[0m   [0mSELECT version FROM schema_migrations[0m
Migrating to CreateImportanceIndices (20100827140054)
  [4;36;1mSQL (17.0ms)[0m   [0;1mCREATE TABLE importance_indices (id INTEGER PRIMARY KEY AUTOINCREMENT NOT NULL, created_at DATETIME, updated_at DATETIME) [0m
  [4;35;1mSQL (5.0ms)[0m   [0mINSERT INTO schema_migrations (version) VALUES ('20100827140054')[0m
  [4;36;1mSQL (3.0ms)[0m   [0;1mSELECT SEQ FROM SQLITE_SEQUENCE WHERE NAME = 'schema_migrations'[0m
  [4;35;1mSQL (15.0ms)[0m   [0m SELECT name
 FROM sqlite_master
 WHERE type = 'table' AND NOT name = 'sqlite_sequence'
[0m
  [4;36;1mSQL (2.0ms)[0m   [0;1mSELECT version FROM schema_migrations[0m
  [4;35;1mSQL (14.0ms)[0m   [0m SELECT name
 FROM sqlite_master
 WHERE type = 'table' AND NOT name = 'sqlite_sequence'
[0m
  [4;36;1mSQL (11.0ms)[0m   [0;1mSELECT name, sql FROM sqlite_master WHERE tbl_name = 'chart_present' AND type = 'index'[0m
  [4;35;1mSQL (9.0ms)[0m   [0mSELECT name, sql FROM sqlite_master WHERE tbl_name = 'equipment_group' AND type = 'index'[0m
  [4;36;1mSQL (10.0ms)[0m   [0;1mSELECT name, sql FROM sqlite_master WHERE tbl_name = 'failure_condition' AND type = 'index'[0m
  [4;35;1mSQL (8.0ms)[0m   [0mSELECT name, sql FROM sqlite_master WHERE tbl_name = 'fruits' AND type = 'index'[0m
  [4;36;1mSQL (18.0ms)[0m   [0;1mSELECT name, sql FROM sqlite_master WHERE tbl_name = 'importance_indices' AND type = 'index'[0m
  [4;35;1mSQL (13.0ms)[0m   [0mSELECT name, sql FROM sqlite_master WHERE tbl_name = 'inspection' AND type = 'index'[0m
  [4;36;1mSQL (9.0ms)[0m   [0;1mSELECT name, sql FROM sqlite_master WHERE tbl_name = 'manufacturer' AND type = 'index'[0m
  [4;35;1mSQL (11.0ms)[0m   [0mSELECT name, sql FROM sqlite_master WHERE tbl_name = 'oltc_model' AND type = 'index'[0m
  [4;36;1mSQL (6.0ms)[0m   [0;1mSELECT name, sql FROM sqlite_master WHERE tbl_name = 'oltc_type' AND type = 'index'[0m
  [4;35;1mSQL (6.0ms)[0m   [0mSELECT name, sql FROM sqlite_master WHERE tbl_name = 'perform_type' AND type = 'index'[0m
  [4;36;1mSQL (6.0ms)[0m   [0;1mSELECT name, sql FROM sqlite_master WHERE tbl_name = 'performance_group' AND type = 'index'[0m
  [4;35;1mSQL (12.0ms)[0m   [0mSELECT name, sql FROM sqlite_master WHERE tbl_name = 'person' AND type = 'index'[0m
  [4;36;1mSQL (16.0ms)[0m   [0;1mSELECT name, sql FROM sqlite_master WHERE tbl_name = 'posts' AND type = 'index'[0m
  [4;35;1mSQL (6.0ms)[0m   [0mSELECT name, sql FROM sqlite_master WHERE tbl_name = 'station' AND type = 'index'[0m
  [4;36;1mSQL (6.0ms)[0m   [0;1mSELECT name, sql FROM sqlite_master WHERE tbl_name = 'sun_flower' AND type = 'index'[0m
  [4;35;1mSQL (20.0ms)[0m   [0mSELECT name, sql FROM sqlite_master WHERE tbl_name = 'tran_status' AND type = 'index'[0m
  [4;36;1mSQL (7.0ms)[0m   [0;1mSELECT name, sql FROM sqlite_master WHERE tbl_name = 'web_link' AND type = 'index'[0m
  [4;35;1mSQL (37.0ms)[0m   [0mSELECT name, sql FROM sqlite_master WHERE tbl_name = 'web_tool' AND type = 'index'[0m
  [4;36;1mSQL (8.0ms)[0m   [0;1mSELECT name, sql FROM sqlite_master WHERE tbl_name = 'winding_type' AND type = 'index'[0m


Processing ImportanceIndicesController#index (for 127.0.0.1 at 2010-08-27 21:03:14) [GET]
  [4;36;1mImportanceIndex Load (764.0ms)[0m   [0;1mSELECT * FROM importance_indices [0m
Rendering template within layouts/importance_indices
Rendering importance_indices/index
Completed in 1058ms (View: 238, DB: 764) | 200 OK [http://0.0.0.0/importance_indices]


Processing ImportanceIndicesController#new (for 127.0.0.1 at 2010-08-27 21:03:19) [GET]
Rendering template within layouts/importance_indices
Rendering importance_indices/new
Completed in 320ms (View: 27, DB: 0) | 200 OK [http://0.0.0.0/importance_indices/new]


Processing ImportanceIndicesController#new (for 127.0.0.1 at 2010-08-27 21:15:02) [GET]
Rendering template within layouts/importance_indices
Rendering importance_indices/new
Completed in 1081ms (View: 363, DB: 0) | 200 OK [http://0.0.0.0/importance_indices/new]


Processing ImportanceIndicesController#index (for 127.0.0.1 at 2010-08-27 21:15:06) [GET]
  [4;36;1mImportanceIndex Load (278.0ms)[0m   [0;1mSELECT * FROM importance_indices [0m
Rendering template within layouts/importance_indices
Rendering importance_indices/index
Completed in 304ms (View: 13, DB: 278) | 200 OK [http://0.0.0.0/importance_indices]


Processing ImportanceIndicesController#index (for 127.0.0.1 at 2010-08-27 21:16:21) [GET]
  [4;36;1mImportanceIndex Load (689.0ms)[0m   [0;1mSELECT * FROM importance_indices [0m
Rendering template within layouts/importance_indices
Rendering importance_indices/index
Completed in 1147ms (View: 390, DB: 689) | 200 OK [http://0.0.0.0/importance_indices]


Processing ImportanceIndicesController#index (for 127.0.0.1 at 2010-08-27 21:16:22) [GET]
  [4;35;1mImportanceIndex Load (305.0ms)[0m   [0mSELECT * FROM importance_indices [0m
Rendering template within layouts/importance_indices
Rendering importance_indices/index
Completed in 346ms (View: 6, DB: 305) | 200 OK [http://0.0.0.0/importance_indices]


Processing ImportanceIndicesController#new (for 127.0.0.1 at 2010-08-27 21:16:26) [GET]
Rendering template within layouts/importance_indices
Rendering importance_indices/new
Completed in 288ms (View: 45, DB: 0) | 200 OK [http://0.0.0.0/importance_indices/new]


Processing ImportanceIndicesController#index (for 127.0.0.1 at 2010-08-27 21:16:28) [GET]
  [4;36;1mImportanceIndex Load (112.0ms)[0m   [0;1mSELECT * FROM importance_indices [0m
Rendering template within layouts/importance_indices
Rendering importance_indices/index
Completed in 149ms (View: 8, DB: 112) | 200 OK [http://0.0.0.0/importance_indices]


Processing ImportanceIndicesController#new (for 127.0.0.1 at 2010-08-27 21:16:49) [GET]
Rendering template within layouts/importance_indices
Rendering importance_indices/new
Completed in 173ms (View: 25, DB: 0) | 200 OK [http://0.0.0.0/importance_indices/new]


Processing ImportanceIndicesController#new (for 127.0.0.1 at 2010-08-27 21:21:54) [GET]
Rendering template within layouts/importance_indices
Rendering importance_indices/new
Completed in 1680ms (View: 615, DB: 0) | 200 OK [http://0.0.0.0/importance_indices/new]
  [4;36;1mTransformer Load (2046.0ms)[0m   [0;1mSELECT * FROM transformer [0m
  [4;35;1mTransformer Load (44.0ms)[0m   [0mSELECT transformer_name FROM transformer [0m
  [4;36;1mTransformer Load (32.0ms)[0m   [0;1mSELECT transformer_name FROM transformer [0m
  [4;35;1mTransformer Load (32.0ms)[0m   [0mSELECT transformer_name FROM transformer [0m
  [4;36;1mTransformer Load (35.0ms)[0m   [0;1mSELECT transformer_name FROM transformer [0m
  [4;35;1mTransformer Load (127.0ms)[0m   [0mSELECT id, transformer_name FROM transformer [0m


Processing ApplicationController#index (for 0:0:0:0:0:0:0:1%0 at 2010-08-27 22:08:53) [GET]

ActionController::RoutingError (No route matches "/important_indices" with {:method=>:get}):
  /Users/somchok/.rvm/rubies/jruby-1.5.2/lib/ruby/1.8/webrick/httpserver.rb:104:in `service'
  /Users/somchok/.rvm/rubies/jruby-1.5.2/lib/ruby/1.8/webrick/httpserver.rb:65:in `run'
  /Users/somchok/.rvm/rubies/jruby-1.5.2/lib/ruby/1.8/webrick/server.rb:173:in `start_thread'
  /Users/somchok/.rvm/rubies/jruby-1.5.2/lib/ruby/1.8/webrick/server.rb:162:in `start'
  /Users/somchok/.rvm/rubies/jruby-1.5.2/lib/ruby/1.8/webrick/server.rb:162:in `start_thread'
  /Users/somchok/.rvm/rubies/jruby-1.5.2/lib/ruby/1.8/webrick/server.rb:95:in `start'
  /Users/somchok/.rvm/rubies/jruby-1.5.2/lib/ruby/1.8/webrick/server.rb:92:in `each'
  /Users/somchok/.rvm/rubies/jruby-1.5.2/lib/ruby/1.8/webrick/server.rb:92:in `start'
  /Users/somchok/.rvm/rubies/jruby-1.5.2/lib/ruby/1.8/webrick/server.rb:23:in `start'
  /Users/somchok/.rvm/rubies/jruby-1.5.2/lib/ruby/1.8/webrick/server.rb:82:in `start'

Rendering rescues/layout (not_found)


Processing ApplicationController#index (for 0:0:0:0:0:0:0:1%0 at 2010-08-27 22:09:04) [GET]

ActionController::RoutingError (No route matches "/important_indices" with {:method=>:get}):
  /Users/somchok/.rvm/rubies/jruby-1.5.2/lib/ruby/1.8/webrick/httpserver.rb:104:in `service'
  /Users/somchok/.rvm/rubies/jruby-1.5.2/lib/ruby/1.8/webrick/httpserver.rb:65:in `run'
  /Users/somchok/.rvm/rubies/jruby-1.5.2/lib/ruby/1.8/webrick/server.rb:173:in `start_thread'
  /Users/somchok/.rvm/rubies/jruby-1.5.2/lib/ruby/1.8/webrick/server.rb:162:in `start'
  /Users/somchok/.rvm/rubies/jruby-1.5.2/lib/ruby/1.8/webrick/server.rb:162:in `start_thread'
  /Users/somchok/.rvm/rubies/jruby-1.5.2/lib/ruby/1.8/webrick/server.rb:95:in `start'
  /Users/somchok/.rvm/rubies/jruby-1.5.2/lib/ruby/1.8/webrick/server.rb:92:in `each'
  /Users/somchok/.rvm/rubies/jruby-1.5.2/lib/ruby/1.8/webrick/server.rb:92:in `start'
  /Users/somchok/.rvm/rubies/jruby-1.5.2/lib/ruby/1.8/webrick/server.rb:23:in `start'
  /Users/somchok/.rvm/rubies/jruby-1.5.2/lib/ruby/1.8/webrick/server.rb:82:in `start'

Rendering rescues/layout (not_found)


Processing ApplicationController#index (for 127.0.0.1 at 2010-08-27 22:09:18) [GET]

ActionController::RoutingError (No route matches "/important_indices" with {:method=>:get}):
  /Users/somchok/.rvm/rubies/jruby-1.5.2/lib/ruby/1.8/webrick/httpserver.rb:104:in `service'
  /Users/somchok/.rvm/rubies/jruby-1.5.2/lib/ruby/1.8/webrick/httpserver.rb:65:in `run'
  /Users/somchok/.rvm/rubies/jruby-1.5.2/lib/ruby/1.8/webrick/server.rb:173:in `start_thread'
  /Users/somchok/.rvm/rubies/jruby-1.5.2/lib/ruby/1.8/webrick/server.rb:162:in `start'
  /Users/somchok/.rvm/rubies/jruby-1.5.2/lib/ruby/1.8/webrick/server.rb:162:in `start_thread'
  /Users/somchok/.rvm/rubies/jruby-1.5.2/lib/ruby/1.8/webrick/server.rb:95:in `start'
  /Users/somchok/.rvm/rubies/jruby-1.5.2/lib/ruby/1.8/webrick/server.rb:92:in `each'
  /Users/somchok/.rvm/rubies/jruby-1.5.2/lib/ruby/1.8/webrick/server.rb:92:in `start'
  /Users/somchok/.rvm/rubies/jruby-1.5.2/lib/ruby/1.8/webrick/server.rb:23:in `start'
  /Users/somchok/.rvm/rubies/jruby-1.5.2/lib/ruby/1.8/webrick/server.rb:82:in `start'

Rendering rescues/layout (not_found)


Processing ImportanceIndicesController#index (for 0:0:0:0:0:0:0:1%0 at 2010-08-27 22:09:47) [GET]
  [4;36;1mImportanceIndex Load (240.0ms)[0m   [0;1mSELECT * FROM importance_indices [0m
Rendering template within layouts/importance_indices
Rendering importance_indices/index
Completed in 302ms (View: 49, DB: 240) | 200 OK [http://localhost/importance_indices]


Processing ImportanceIndicesController#index (for 0:0:0:0:0:0:0:1%0 at 2010-08-27 22:09:50) [GET]
  [4;35;1mImportanceIndex Load (179.0ms)[0m   [0mSELECT * FROM importance_indices [0m
Rendering template within layouts/importance_indices
Rendering importance_indices/index
Completed in 202ms (View: 9, DB: 179) | 200 OK [http://localhost/importance_indices]


Processing ImportanceIndicesController#index (for 0:0:0:0:0:0:0:1%0 at 2010-08-27 22:10:13) [GET]
  [4;36;1mImportanceIndex Load (698.0ms)[0m   [0;1mSELECT * FROM importance_indices [0m
Rendering template within layouts/importance_indices
Rendering importance_indices/index
Completed in 1126ms (View: 354, DB: 698) | 200 OK [http://localhost/importance_indices]


Processing ImportanceIndicesController#new (for 0:0:0:0:0:0:0:1%0 at 2010-08-27 22:10:16) [GET]
Rendering template within layouts/importance_indices
Rendering importance_indices/new

ActionView::TemplateError (wrong # of arguments(0 for 1)) on line #5 of app/views/importance_indices/new.html.erb:
2: 
3: <% form_for(@importance_index) do |f| %>
4:   <%= f.error_messages %>
5:   <%= form.select(:id, [
6:   ['Andy', 1], ['Bert', 2], ['Chas', 3], ['Dave', 4], ['Eric', 5], ['Fred', 6]])
7:   %>
8:   <p>

    app/views/importance_indices/new.html.erb:5:in `form'
    app/views/importance_indices/new.html.erb:5
    app/views/importance_indices/new.html.erb:3
    app/controllers/importance_indices_controller.rb:29:in `new'
    /Users/somchok/.rvm/rubies/jruby-1.5.2/lib/ruby/1.8/webrick/httpserver.rb:104:in `service'
    /Users/somchok/.rvm/rubies/jruby-1.5.2/lib/ruby/1.8/webrick/httpserver.rb:65:in `run'
    /Users/somchok/.rvm/rubies/jruby-1.5.2/lib/ruby/1.8/webrick/server.rb:173:in `start_thread'
    /Users/somchok/.rvm/rubies/jruby-1.5.2/lib/ruby/1.8/webrick/server.rb:162:in `start'
    /Users/somchok/.rvm/rubies/jruby-1.5.2/lib/ruby/1.8/webrick/server.rb:162:in `start_thread'
    /Users/somchok/.rvm/rubies/jruby-1.5.2/lib/ruby/1.8/webrick/server.rb:95:in `start'
    /Users/somchok/.rvm/rubies/jruby-1.5.2/lib/ruby/1.8/webrick/server.rb:92:in `each'
    /Users/somchok/.rvm/rubies/jruby-1.5.2/lib/ruby/1.8/webrick/server.rb:92:in `start'
    /Users/somchok/.rvm/rubies/jruby-1.5.2/lib/ruby/1.8/webrick/server.rb:23:in `start'
    /Users/somchok/.rvm/rubies/jruby-1.5.2/lib/ruby/1.8/webrick/server.rb:82:in `start'

Rendered rescues/_trace (283.0ms)
Rendered rescues/_request_and_response (22.0ms)
Rendering rescues/layout (internal_server_error)


Processing ImportanceIndicesController#new (for 0:0:0:0:0:0:0:1%0 at 2010-08-27 22:10:48) [GET]
Rendering template within layouts/importance_indices
Rendering importance_indices/new
Completed in 285ms (View: 46, DB: 0) | 200 OK [http://localhost/importance_indices/new]
  [4;36;1mSQL (743.0ms)[0m   [0;1m SELECT name
 FROM sqlite_master
 WHERE type = 'table' AND NOT name = 'sqlite_sequence'
[0m
  [4;35;1mSQL (2.0ms)[0m   [0mSELECT version FROM schema_migrations[0m
Migrating to CreateImportanceIndices (20100827140054)
Migrating to AddBusVoltageToImportanceIndex (20100827152154)
  [4;36;1mSQL (26.0ms)[0m   [0;1mALTER TABLE importance_indices ADD bus_voltage integer(0)[0m
  [4;35;1mSQL (5.0ms)[0m   [0mINSERT INTO schema_migrations (version) VALUES ('20100827152154')[0m
  [4;36;1mSQL (3.0ms)[0m   [0;1mSELECT SEQ FROM SQLITE_SEQUENCE WHERE NAME = 'schema_migrations'[0m
  [4;35;1mSQL (15.0ms)[0m   [0m SELECT name
 FROM sqlite_master
 WHERE type = 'table' AND NOT name = 'sqlite_sequence'
[0m
  [4;36;1mSQL (2.0ms)[0m   [0;1mSELECT version FROM schema_migrations[0m
  [4;35;1mSQL (14.0ms)[0m   [0m SELECT name
 FROM sqlite_master
 WHERE type = 'table' AND NOT name = 'sqlite_sequence'
[0m
  [4;36;1mSQL (7.0ms)[0m   [0;1mSELECT name, sql FROM sqlite_master WHERE tbl_name = 'chart_present' AND type = 'index'[0m
  [4;35;1mSQL (8.0ms)[0m   [0mSELECT name, sql FROM sqlite_master WHERE tbl_name = 'equipment_group' AND type = 'index'[0m
  [4;36;1mSQL (7.0ms)[0m   [0;1mSELECT name, sql FROM sqlite_master WHERE tbl_name = 'failure_condition' AND type = 'index'[0m
  [4;35;1mSQL (23.0ms)[0m   [0mSELECT name, sql FROM sqlite_master WHERE tbl_name = 'fruits' AND type = 'index'[0m
  [4;36;1mSQL (13.0ms)[0m   [0;1mSELECT name, sql FROM sqlite_master WHERE tbl_name = 'importance_indices' AND type = 'index'[0m
  [4;35;1mSQL (13.0ms)[0m   [0mSELECT name, sql FROM sqlite_master WHERE tbl_name = 'inspection' AND type = 'index'[0m
  [4;36;1mSQL (7.0ms)[0m   [0;1mSELECT name, sql FROM sqlite_master WHERE tbl_name = 'manufacturer' AND type = 'index'[0m
  [4;35;1mSQL (7.0ms)[0m   [0mSELECT name, sql FROM sqlite_master WHERE tbl_name = 'oltc_model' AND type = 'index'[0m
  [4;36;1mSQL (6.0ms)[0m   [0;1mSELECT name, sql FROM sqlite_master WHERE tbl_name = 'oltc_type' AND type = 'index'[0m
  [4;35;1mSQL (7.0ms)[0m   [0mSELECT name, sql FROM sqlite_master WHERE tbl_name = 'perform_type' AND type = 'index'[0m
  [4;36;1mSQL (7.0ms)[0m   [0;1mSELECT name, sql FROM sqlite_master WHERE tbl_name = 'performance_group' AND type = 'index'[0m
  [4;35;1mSQL (6.0ms)[0m   [0mSELECT name, sql FROM sqlite_master WHERE tbl_name = 'person' AND type = 'index'[0m
  [4;36;1mSQL (6.0ms)[0m   [0;1mSELECT name, sql FROM sqlite_master WHERE tbl_name = 'posts' AND type = 'index'[0m
  [4;35;1mSQL (6.0ms)[0m   [0mSELECT name, sql FROM sqlite_master WHERE tbl_name = 'station' AND type = 'index'[0m
  [4;36;1mSQL (6.0ms)[0m   [0;1mSELECT name, sql FROM sqlite_master WHERE tbl_name = 'sun_flower' AND type = 'index'[0m
  [4;35;1mSQL (7.0ms)[0m   [0mSELECT name, sql FROM sqlite_master WHERE tbl_name = 'tran_status' AND type = 'index'[0m
  [4;36;1mSQL (7.0ms)[0m   [0;1mSELECT name, sql FROM sqlite_master WHERE tbl_name = 'web_link' AND type = 'index'[0m
  [4;35;1mSQL (41.0ms)[0m   [0mSELECT name, sql FROM sqlite_master WHERE tbl_name = 'web_tool' AND type = 'index'[0m
  [4;36;1mSQL (7.0ms)[0m   [0;1mSELECT name, sql FROM sqlite_master WHERE tbl_name = 'winding_type' AND type = 'index'[0m


Processing ImportanceIndicesController#new (for 0:0:0:0:0:0:0:1%0 at 2010-08-27 22:26:49) [GET]
Rendering template within layouts/importance_indices
Rendering importance_indices/new
Completed in 1169ms (View: 290, DB: 0) | 200 OK [http://localhost/importance_indices/new]


Processing ImportanceIndicesController#create (for 0:0:0:0:0:0:0:1%0 at 2010-08-27 22:26:57) [POST]
  Parameters: {"authenticity_token"=>"wPqdnfnEVw19++Yl6gqwBpYh1ZPStEwau6AxCopsbEM=", "importance_index"=>{"bus_voltage_hv"=>"2"}, "commit"=>"Create"}
  [4;36;1mImportanceIndex Create (5.0ms)[0m   [0;1mINSERT INTO importance_indices (created_at, updated_at, bus_voltage) VALUES('2010-08-27 15:26:57', '2010-08-27 15:26:57', 2)[0m
  [4;35;1mSQL (2.0ms)[0m   [0mSELECT SEQ FROM SQLITE_SEQUENCE WHERE NAME = 'importance_indices'[0m
Redirected to http://localhost:3000/importance_indices/1
Completed in 283ms (DB: 7) | 302 Found [http://localhost/importance_indices]


Processing ImportanceIndicesController#show (for 0:0:0:0:0:0:0:1%0 at 2010-08-27 22:26:57) [GET]
  Parameters: {"id"=>"1"}
  [4;36;1mImportanceIndex Load (3.0ms)[0m   [0;1mSELECT * FROM importance_indices WHERE (importance_indices.id = 1) [0m
Rendering template within layouts/importance_indices
Rendering importance_indices/show
Completed in 234ms (View: 25, DB: 3) | 200 OK [http://localhost/importance_indices/1]


Processing ImportanceIndicesController#index (for 0:0:0:0:0:0:0:1%0 at 2010-08-27 22:27:19) [GET]
  [4;35;1mImportanceIndex Load (156.0ms)[0m   [0mSELECT * FROM importance_indices [0m
Rendering template within layouts/importance_indices
Rendering importance_indices/index
Completed in 231ms (View: 48, DB: 156) | 200 OK [http://localhost/importance_indices]


Processing ImportanceIndicesController#new (for 0:0:0:0:0:0:0:1%0 at 2010-08-27 22:29:06) [GET]
Rendering template within layouts/importance_indices
Rendering importance_indices/new
Completed in 280ms (View: 104, DB: 0) | 200 OK [http://localhost/importance_indices/new]


Processing ImportanceIndicesController#new (for 0:0:0:0:0:0:0:1%0 at 2010-08-27 22:29:20) [GET]
Rendering template within layouts/importance_indices
Rendering importance_indices/new
Completed in 255ms (View: 52, DB: 0) | 200 OK [http://localhost/importance_indices/new]


Processing ImportanceIndicesController#new (for 0:0:0:0:0:0:0:1%0 at 2010-08-27 22:29:23) [GET]
Rendering template within layouts/importance_indices
Rendering importance_indices/new
Completed in 215ms (View: 63, DB: 0) | 200 OK [http://localhost/importance_indices/new]


Processing ImportanceIndicesController#new (for 0:0:0:0:0:0:0:1%0 at 2010-08-27 22:29:25) [GET]
Rendering template within layouts/importance_indices
Rendering importance_indices/new
Completed in 251ms (View: 47, DB: 0) | 200 OK [http://localhost/importance_indices/new]


Processing ImportanceIndicesController#new (for 0:0:0:0:0:0:0:1%0 at 2010-08-27 22:29:35) [GET]
Rendering template within layouts/importance_indices
Rendering importance_indices/new
Completed in 184ms (View: 64, DB: 0) | 200 OK [http://localhost/importance_indices/new]


Processing ImportanceIndicesController#new (for 0:0:0:0:0:0:0:1%0 at 2010-08-27 22:30:14) [GET]
Rendering template within layouts/importance_indices
Rendering importance_indices/new
Completed in 273ms (View: 77, DB: 0) | 200 OK [http://localhost/importance_indices/new]


Processing ImportanceIndicesController#new (for 0:0:0:0:0:0:0:1%0 at 2010-08-27 22:30:25) [GET]
Rendering template within layouts/importance_indices
Rendering importance_indices/new
Completed in 219ms (View: 72, DB: 0) | 200 OK [http://localhost/importance_indices/new]


Processing ImportanceIndicesController#new (for 0:0:0:0:0:0:0:1%0 at 2010-08-27 22:30:46) [GET]
Rendering template within layouts/importance_indices
Rendering importance_indices/new
Completed in 249ms (View: 67, DB: 0) | 200 OK [http://localhost/importance_indices/new]


Processing ImportanceIndicesController#new (for 0:0:0:0:0:0:0:1%0 at 2010-08-27 22:31:14) [GET]
Rendering template within layouts/importance_indices
Rendering importance_indices/new
Completed in 291ms (View: 43, DB: 0) | 200 OK [http://localhost/importance_indices/new]


Processing ImportanceIndicesController#new (for 0:0:0:0:0:0:0:1%0 at 2010-08-27 22:34:58) [GET]
Rendering template within layouts/importance_indices
Rendering importance_indices/new
Completed in 255ms (View: 93, DB: 0) | 200 OK [http://localhost/importance_indices/new]


Processing ImportanceIndicesController#new (for 0:0:0:0:0:0:0:1%0 at 2010-08-27 22:35:06) [GET]
Rendering template within layouts/importance_indices
Rendering importance_indices/new
Completed in 206ms (View: 84, DB: 0) | 200 OK [http://localhost/importance_indices/new]


Processing ImportanceIndicesController#new (for 0:0:0:0:0:0:0:1%0 at 2010-08-27 22:37:59) [GET]
Rendering template within layouts/importance_indices
Rendering importance_indices/new

ActionView::TemplateError (undefined method `system_fault_level_hv' for #<ImportanceIndex:0x58046530>) on line #11 of app/views/importance_indices/new.html.erb:
8:     f.select(:bus_voltage_hv, [['69', 1], ['115', 2], ['230', 3], ['500', 4]])
9:   %>&nbsp;<strong>[kV]</strong>&nbsp;&nbsp;&nbsp;
10:   <%= f.label 'System Fault Level: HV side' %>
11:   <%= f.text_field :system_fault_level_hv, :size => 4 %>
12:   &nbsp;<strong>[kV]</strong>
13:   
14:   <p>

    app/views/importance_indices/new.html.erb:11
    app/views/importance_indices/new.html.erb:3
    app/controllers/importance_indices_controller.rb:29:in `new'
    /Users/somchok/.rvm/rubies/jruby-1.5.2/lib/ruby/1.8/webrick/httpserver.rb:104:in `service'
    /Users/somchok/.rvm/rubies/jruby-1.5.2/lib/ruby/1.8/webrick/httpserver.rb:65:in `run'
    /Users/somchok/.rvm/rubies/jruby-1.5.2/lib/ruby/1.8/webrick/server.rb:173:in `start_thread'
    /Users/somchok/.rvm/rubies/jruby-1.5.2/lib/ruby/1.8/webrick/server.rb:162:in `start'
    /Users/somchok/.rvm/rubies/jruby-1.5.2/lib/ruby/1.8/webrick/server.rb:162:in `start_thread'
    /Users/somchok/.rvm/rubies/jruby-1.5.2/lib/ruby/1.8/webrick/server.rb:95:in `start'
    /Users/somchok/.rvm/rubies/jruby-1.5.2/lib/ruby/1.8/webrick/server.rb:92:in `each'
    /Users/somchok/.rvm/rubies/jruby-1.5.2/lib/ruby/1.8/webrick/server.rb:92:in `start'
    /Users/somchok/.rvm/rubies/jruby-1.5.2/lib/ruby/1.8/webrick/server.rb:23:in `start'
    /Users/somchok/.rvm/rubies/jruby-1.5.2/lib/ruby/1.8/webrick/server.rb:82:in `start'

Rendered rescues/_trace (296.0ms)
Rendered rescues/_request_and_response (13.0ms)
Rendering rescues/layout (internal_server_error)


Processing ImportanceIndicesController#new (for 0:0:0:0:0:0:0:1%0 at 2010-08-27 22:38:42) [GET]
Rendering template within layouts/importance_indices
Rendering importance_indices/new
Completed in 281ms (View: 56, DB: 0) | 200 OK [http://localhost/importance_indices/new]


Processing ImportanceIndicesController#new (for 0:0:0:0:0:0:0:1%0 at 2010-08-27 22:42:58) [GET]
Rendering template within layouts/importance_indices
Rendering importance_indices/new
Completed in 161ms (View: 46, DB: 0) | 200 OK [http://localhost/importance_indices/new]


Processing ImportanceIndicesController#new (for 0:0:0:0:0:0:0:1%0 at 2010-08-27 22:43:26) [GET]
Rendering template within layouts/importance_indices
Rendering importance_indices/new
Completed in 155ms (View: 38, DB: 0) | 200 OK [http://localhost/importance_indices/new]


Processing ImportanceIndicesController#new (for 0:0:0:0:0:0:0:1%0 at 2010-08-27 22:43:46) [GET]
Rendering template within layouts/importance_indices
Rendering importance_indices/new
Completed in 287ms (View: 148, DB: 0) | 200 OK [http://localhost/importance_indices/new]


Processing ImportanceIndicesController#new (for 0:0:0:0:0:0:0:1%0 at 2010-08-27 22:43:55) [GET]
Rendering template within layouts/importance_indices
Rendering importance_indices/new
Completed in 211ms (View: 82, DB: 0) | 200 OK [http://localhost/importance_indices/new]


Processing ImportanceIndicesController#new (for 0:0:0:0:0:0:0:1%0 at 2010-08-27 22:44:12) [GET]
Rendering template within layouts/importance_indices
Rendering importance_indices/new
Completed in 152ms (View: 48, DB: 0) | 200 OK [http://localhost/importance_indices/new]


Processing ImportanceIndicesController#new (for 0:0:0:0:0:0:0:1%0 at 2010-08-27 22:44:21) [GET]
Rendering template within layouts/importance_indices
Rendering importance_indices/new
Completed in 147ms (View: 38, DB: 0) | 200 OK [http://localhost/importance_indices/new]


Processing ImportanceIndicesController#new (for 0:0:0:0:0:0:0:1%0 at 2010-08-27 22:44:23) [GET]
Rendering template within layouts/importance_indices
Rendering importance_indices/new
Completed in 196ms (View: 41, DB: 0) | 200 OK [http://localhost/importance_indices/new]


Processing ImportanceIndicesController#new (for 0:0:0:0:0:0:0:1%0 at 2010-08-27 22:44:32) [GET]
Rendering template within layouts/importance_indices
Rendering importance_indices/new
Completed in 240ms (View: 105, DB: 0) | 200 OK [http://localhost/importance_indices/new]


Processing ImportanceIndicesController#new (for 0:0:0:0:0:0:0:1%0 at 2010-08-27 22:45:51) [GET]
Rendering template within layouts/importance_indices
Rendering importance_indices/new
Completed in 231ms (View: 92, DB: 0) | 200 OK [http://localhost/importance_indices/new]


Processing ImportanceIndicesController#new (for 0:0:0:0:0:0:0:1%0 at 2010-08-27 23:26:39) [GET]
Rendering template within layouts/importance_indices
Rendering importance_indices/new
Completed in 224ms (View: 94, DB: 0) | 200 OK [http://localhost/importance_indices/new]


Processing ImportanceIndicesController#show (for 0:0:0:0:0:0:0:1%0 at 2010-08-27 23:26:39) [GET]
  Parameters: {"id"=>"index"}
  [4;36;1mImportanceIndex Load (6.0ms)[0m   [0;1mSELECT * FROM importance_indices WHERE (importance_indices.id = 0) [0m

ActiveRecord::RecordNotFound (Couldn't find ImportanceIndex with ID=index):
  app/controllers/importance_indices_controller.rb:16:in `show'
  /Users/somchok/.rvm/rubies/jruby-1.5.2/lib/ruby/1.8/webrick/httpserver.rb:104:in `service'
  /Users/somchok/.rvm/rubies/jruby-1.5.2/lib/ruby/1.8/webrick/httpserver.rb:65:in `run'
  /Users/somchok/.rvm/rubies/jruby-1.5.2/lib/ruby/1.8/webrick/server.rb:173:in `start_thread'
  /Users/somchok/.rvm/rubies/jruby-1.5.2/lib/ruby/1.8/webrick/server.rb:162:in `start'
  /Users/somchok/.rvm/rubies/jruby-1.5.2/lib/ruby/1.8/webrick/server.rb:162:in `start_thread'
  /Users/somchok/.rvm/rubies/jruby-1.5.2/lib/ruby/1.8/webrick/server.rb:95:in `start'
  /Users/somchok/.rvm/rubies/jruby-1.5.2/lib/ruby/1.8/webrick/server.rb:92:in `each'
  /Users/somchok/.rvm/rubies/jruby-1.5.2/lib/ruby/1.8/webrick/server.rb:92:in `start'
  /Users/somchok/.rvm/rubies/jruby-1.5.2/lib/ruby/1.8/webrick/server.rb:23:in `start'
  /Users/somchok/.rvm/rubies/jruby-1.5.2/lib/ruby/1.8/webrick/server.rb:82:in `start'

Rendered rescues/_trace (152.0ms)
Rendered rescues/_request_and_response (2.0ms)
Rendering rescues/layout (not_found)


Processing ImportanceIndicesController#new (for 0:0:0:0:0:0:0:1%0 at 2010-08-27 23:26:51) [GET]
Rendering template within layouts/importance_indices
Rendering importance_indices/new
Completed in 154ms (View: 48, DB: 0) | 200 OK [http://localhost/importance_indices/new]


Processing ImportanceIndicesController#show (for 0:0:0:0:0:0:0:1%0 at 2010-08-27 23:26:52) [GET]
  Parameters: {"id"=>"index"}
  [4;35;1mImportanceIndex Load (2.0ms)[0m   [0mSELECT * FROM importance_indices WHERE (importance_indices.id = 0) [0m

ActiveRecord::RecordNotFound (Couldn't find ImportanceIndex with ID=index):
  app/controllers/importance_indices_controller.rb:16:in `show'
  /Users/somchok/.rvm/rubies/jruby-1.5.2/lib/ruby/1.8/webrick/httpserver.rb:104:in `service'
  /Users/somchok/.rvm/rubies/jruby-1.5.2/lib/ruby/1.8/webrick/httpserver.rb:65:in `run'
  /Users/somchok/.rvm/rubies/jruby-1.5.2/lib/ruby/1.8/webrick/server.rb:173:in `start_thread'
  /Users/somchok/.rvm/rubies/jruby-1.5.2/lib/ruby/1.8/webrick/server.rb:162:in `start'
  /Users/somchok/.rvm/rubies/jruby-1.5.2/lib/ruby/1.8/webrick/server.rb:162:in `start_thread'
  /Users/somchok/.rvm/rubies/jruby-1.5.2/lib/ruby/1.8/webrick/server.rb:95:in `start'
  /Users/somchok/.rvm/rubies/jruby-1.5.2/lib/ruby/1.8/webrick/server.rb:92:in `each'
  /Users/somchok/.rvm/rubies/jruby-1.5.2/lib/ruby/1.8/webrick/server.rb:92:in `start'
  /Users/somchok/.rvm/rubies/jruby-1.5.2/lib/ruby/1.8/webrick/server.rb:23:in `start'
  /Users/somchok/.rvm/rubies/jruby-1.5.2/lib/ruby/1.8/webrick/server.rb:82:in `start'

Rendered rescues/_trace (104.0ms)
Rendered rescues/_request_and_response (2.0ms)
Rendering rescues/layout (not_found)


Processing ImportanceIndicesController#show (for 0:0:0:0:0:0:0:1%0 at 2010-08-27 23:27:07) [GET]
  Parameters: {"id"=>"index"}
  [4;36;1mImportanceIndex Load (2.0ms)[0m   [0;1mSELECT * FROM importance_indices WHERE (importance_indices.id = 0) [0m

ActiveRecord::RecordNotFound (Couldn't find ImportanceIndex with ID=index):
  app/controllers/importance_indices_controller.rb:16:in `show'
  /Users/somchok/.rvm/rubies/jruby-1.5.2/lib/ruby/1.8/webrick/httpserver.rb:104:in `service'
  /Users/somchok/.rvm/rubies/jruby-1.5.2/lib/ruby/1.8/webrick/httpserver.rb:65:in `run'
  /Users/somchok/.rvm/rubies/jruby-1.5.2/lib/ruby/1.8/webrick/server.rb:173:in `start_thread'
  /Users/somchok/.rvm/rubies/jruby-1.5.2/lib/ruby/1.8/webrick/server.rb:162:in `start'
  /Users/somchok/.rvm/rubies/jruby-1.5.2/lib/ruby/1.8/webrick/server.rb:162:in `start_thread'
  /Users/somchok/.rvm/rubies/jruby-1.5.2/lib/ruby/1.8/webrick/server.rb:95:in `start'
  /Users/somchok/.rvm/rubies/jruby-1.5.2/lib/ruby/1.8/webrick/server.rb:92:in `each'
  /Users/somchok/.rvm/rubies/jruby-1.5.2/lib/ruby/1.8/webrick/server.rb:92:in `start'
  /Users/somchok/.rvm/rubies/jruby-1.5.2/lib/ruby/1.8/webrick/server.rb:23:in `start'
  /Users/somchok/.rvm/rubies/jruby-1.5.2/lib/ruby/1.8/webrick/server.rb:82:in `start'

Rendered rescues/_trace (212.0ms)
Rendered rescues/_request_and_response (2.0ms)
Rendering rescues/layout (not_found)


Processing ImportanceIndicesController#index (for 0:0:0:0:0:0:0:1%0 at 2010-08-27 23:27:20) [GET]
  [4;35;1mImportanceIndex Load (92.0ms)[0m   [0mSELECT * FROM importance_indices [0m
  [4;36;1mTransformer Load (698.0ms)[0m   [0;1mSELECT * FROM transformer [0m
Rendering template within layouts/importance_indices
Rendering importance_indices/index
Completed in 958ms (View: 27, DB: 790) | 200 OK [http://localhost/importance_indices/]


Processing ImportanceIndicesController#show (for 0:0:0:0:0:0:0:1%0 at 2010-08-27 23:27:21) [GET]
  Parameters: {"id"=>"index"}
  [4;35;1mImportanceIndex Load (3.0ms)[0m   [0mSELECT * FROM importance_indices WHERE (importance_indices.id = 0) [0m

ActiveRecord::RecordNotFound (Couldn't find ImportanceIndex with ID=index):
  app/controllers/importance_indices_controller.rb:16:in `show'
  /Users/somchok/.rvm/rubies/jruby-1.5.2/lib/ruby/1.8/webrick/httpserver.rb:104:in `service'
  /Users/somchok/.rvm/rubies/jruby-1.5.2/lib/ruby/1.8/webrick/httpserver.rb:65:in `run'
  /Users/somchok/.rvm/rubies/jruby-1.5.2/lib/ruby/1.8/webrick/server.rb:173:in `start_thread'
  /Users/somchok/.rvm/rubies/jruby-1.5.2/lib/ruby/1.8/webrick/server.rb:162:in `start'
  /Users/somchok/.rvm/rubies/jruby-1.5.2/lib/ruby/1.8/webrick/server.rb:162:in `start_thread'
  /Users/somchok/.rvm/rubies/jruby-1.5.2/lib/ruby/1.8/webrick/server.rb:95:in `start'
  /Users/somchok/.rvm/rubies/jruby-1.5.2/lib/ruby/1.8/webrick/server.rb:92:in `each'
  /Users/somchok/.rvm/rubies/jruby-1.5.2/lib/ruby/1.8/webrick/server.rb:92:in `start'
  /Users/somchok/.rvm/rubies/jruby-1.5.2/lib/ruby/1.8/webrick/server.rb:23:in `start'
  /Users/somchok/.rvm/rubies/jruby-1.5.2/lib/ruby/1.8/webrick/server.rb:82:in `start'

Rendered rescues/_trace (76.0ms)
Rendered rescues/_request_and_response (2.0ms)
Rendering rescues/layout (not_found)


Processing ImportanceIndicesController#new (for 0:0:0:0:0:0:0:1%0 at 2010-08-27 23:27:24) [GET]
Rendering template within layouts/importance_indices
Rendering importance_indices/new
Completed in 156ms (View: 41, DB: 0) | 200 OK [http://localhost/importance_indices/new]


Processing ImportanceIndicesController#show (for 0:0:0:0:0:0:0:1%0 at 2010-08-27 23:27:25) [GET]
  Parameters: {"id"=>"index"}
  [4;36;1mImportanceIndex Load (2.0ms)[0m   [0;1mSELECT * FROM importance_indices WHERE (importance_indices.id = 0) [0m

ActiveRecord::RecordNotFound (Couldn't find ImportanceIndex with ID=index):
  app/controllers/importance_indices_controller.rb:16:in `show'
  /Users/somchok/.rvm/rubies/jruby-1.5.2/lib/ruby/1.8/webrick/httpserver.rb:104:in `service'
  /Users/somchok/.rvm/rubies/jruby-1.5.2/lib/ruby/1.8/webrick/httpserver.rb:65:in `run'
  /Users/somchok/.rvm/rubies/jruby-1.5.2/lib/ruby/1.8/webrick/server.rb:173:in `start_thread'
  /Users/somchok/.rvm/rubies/jruby-1.5.2/lib/ruby/1.8/webrick/server.rb:162:in `start'
  /Users/somchok/.rvm/rubies/jruby-1.5.2/lib/ruby/1.8/webrick/server.rb:162:in `start_thread'
  /Users/somchok/.rvm/rubies/jruby-1.5.2/lib/ruby/1.8/webrick/server.rb:95:in `start'
  /Users/somchok/.rvm/rubies/jruby-1.5.2/lib/ruby/1.8/webrick/server.rb:92:in `each'
  /Users/somchok/.rvm/rubies/jruby-1.5.2/lib/ruby/1.8/webrick/server.rb:92:in `start'
  /Users/somchok/.rvm/rubies/jruby-1.5.2/lib/ruby/1.8/webrick/server.rb:23:in `start'
  /Users/somchok/.rvm/rubies/jruby-1.5.2/lib/ruby/1.8/webrick/server.rb:82:in `start'

Rendered rescues/_trace (74.0ms)
Rendered rescues/_request_and_response (4.0ms)
Rendering rescues/layout (not_found)


Processing ImportanceIndicesController#new (for 0:0:0:0:0:0:0:1%0 at 2010-08-27 23:27:47) [GET]
Rendering template within layouts/importance_indices
Rendering importance_indices/new
Completed in 138ms (View: 38, DB: 0) | 200 OK [http://localhost/importance_indices/new]


Processing ImportanceIndicesController#new (for 0:0:0:0:0:0:0:1%0 at 2010-08-27 23:28:10) [GET]
Rendering template within layouts/importance_indices
Rendering importance_indices/new
Completed in 132ms (View: 31, DB: 0) | 200 OK [http://localhost/importance_indices/new]


Processing ImportanceIndicesController#index (for 0:0:0:0:0:0:0:1%0 at 2010-08-27 23:28:10) [GET]
  [4;35;1mImportanceIndex Load (88.0ms)[0m   [0mSELECT * FROM importance_indices [0m
  [4;36;1mTransformer Load (240.0ms)[0m   [0;1mSELECT * FROM transformer [0m
Completed in 423ms (View: 2, DB: 328) | 406 Not Acceptable [http://localhost/importance_indices]


Processing ImportanceIndicesController#new (for 0:0:0:0:0:0:0:1%0 at 2010-08-27 23:28:51) [GET]
Rendering template within layouts/importance_indices
Rendering importance_indices/new
Completed in 128ms (View: 29, DB: 0) | 200 OK [http://localhost/importance_indices/new]


Processing ImportanceIndicesController#index (for 0:0:0:0:0:0:0:1%0 at 2010-08-27 23:28:51) [GET]
  [4;35;1mImportanceIndex Load (90.0ms)[0m   [0mSELECT * FROM importance_indices [0m
  [4;36;1mTransformer Load (221.0ms)[0m   [0;1mSELECT * FROM transformer [0m
Completed in 397ms (View: 4, DB: 311) | 406 Not Acceptable [http://localhost/importance_indices]


Processing ImportanceIndicesController#new (for 0:0:0:0:0:0:0:1%0 at 2010-08-27 23:29:26) [GET]
Rendering template within layouts/importance_indices
Rendering importance_indices/new
Completed in 129ms (View: 29, DB: 0) | 200 OK [http://localhost/importance_indices/new]


Processing ImportanceIndicesController#index (for 0:0:0:0:0:0:0:1%0 at 2010-08-27 23:29:26) [GET]
  [4;35;1mImportanceIndex Load (119.0ms)[0m   [0mSELECT * FROM importance_indices [0m
  [4;36;1mTransformer Load (228.0ms)[0m   [0;1mSELECT * FROM transformer [0m
Rendering importance_indices/index
Completed in 3049ms (View: 2651, DB: 347) | 200 OK [http://localhost/importance_indices]


Processing ImportanceIndicesController#new (for 0:0:0:0:0:0:0:1%0 at 2010-08-27 23:30:07) [GET]
Rendering template within layouts/importance_indices
Rendering importance_indices/new
Completed in 167ms (View: 38, DB: 0) | 200 OK [http://localhost/importance_indices/new]


Processing ImportanceIndicesController#index (for 0:0:0:0:0:0:0:1%0 at 2010-08-27 23:30:08) [GET]
  [4;35;1mImportanceIndex Load (87.0ms)[0m   [0mSELECT * FROM importance_indices [0m
  [4;36;1mTransformer Load (199.0ms)[0m   [0;1mSELECT * FROM transformer [0m
Rendering importance_indices/index
Completed in 1748ms (View: 1397, DB: 286) | 200 OK [http://localhost/importance_indices]


Processing ImportanceIndicesController#new (for 0:0:0:0:0:0:0:1%0 at 2010-08-27 23:31:13) [GET]
Rendering template within layouts/importance_indices
Rendering importance_indices/new
Completed in 175ms (View: 56, DB: 0) | 200 OK [http://localhost/importance_indices/new]


Processing ImportanceIndicesController#index (for 0:0:0:0:0:0:0:1%0 at 2010-08-27 23:31:14) [GET]
  [4;35;1mImportanceIndex Load (123.0ms)[0m   [0mSELECT * FROM importance_indices [0m
  [4;36;1mTransformer Load (185.0ms)[0m   [0;1mSELECT * FROM transformer [0m
Rendering importance_indices/index
Completed in 1506ms (View: 1131, DB: 308) | 200 OK [http://localhost/importance_indices]


Processing ImportanceIndicesController#new (for 0:0:0:0:0:0:0:1%0 at 2010-08-27 23:32:33) [GET]
Rendering template within layouts/importance_indices
Rendering importance_indices/new
Completed in 128ms (View: 23, DB: 0) | 200 OK [http://localhost/importance_indices/new]


Processing ImportanceIndicesController#index (for 0:0:0:0:0:0:0:1%0 at 2010-08-27 23:32:34) [GET]
  [4;35;1mImportanceIndex Load (97.0ms)[0m   [0mSELECT * FROM importance_indices [0m
  [4;36;1mTransformer Load (96.0ms)[0m   [0;1mSELECT transformer_name FROM transformer [0m
Rendering importance_indices/index
Completed in 251ms (View: 5, DB: 193) | 200 OK [http://localhost/importance_indices]


Processing ImportanceIndicesController#new (for 0:0:0:0:0:0:0:1%0 at 2010-08-27 23:40:07) [GET]
Rendering template within layouts/importance_indices
Rendering importance_indices/new
Completed in 171ms (View: 30, DB: 0) | 200 OK [http://localhost/importance_indices/new]


Processing ImportanceIndicesController#index (for 0:0:0:0:0:0:0:1%0 at 2010-08-27 23:40:08) [GET]
  [4;35;1mImportanceIndex Load (87.0ms)[0m   [0mSELECT * FROM importance_indices [0m
  [4;36;1mTransformer Load (28.0ms)[0m   [0;1mSELECT transformer_name FROM transformer [0m
Rendering importance_indices/index
Completed in 222ms (View: 6, DB: 115) | 200 OK [http://localhost/importance_indices]


Processing ImportanceIndicesController#new (for 0:0:0:0:0:0:0:1%0 at 2010-08-27 23:40:31) [GET]
Rendering template within layouts/importance_indices
Rendering importance_indices/new
Completed in 199ms (View: 36, DB: 0) | 200 OK [http://localhost/importance_indices/new]


Processing ImportanceIndicesController#index (for 0:0:0:0:0:0:0:1%0 at 2010-08-27 23:40:32) [GET]
  [4;35;1mImportanceIndex Load (90.0ms)[0m   [0mSELECT * FROM importance_indices [0m
  [4;36;1mTransformer Load (95.0ms)[0m   [0;1mSELECT transformer_name FROM transformer [0m
Rendering importance_indices/index
Completed in 266ms (View: 11, DB: 185) | 200 OK [http://localhost/importance_indices]


Processing ImportanceIndicesController#new (for 0:0:0:0:0:0:0:1%0 at 2010-08-27 23:41:06) [GET]
Rendering template within layouts/importance_indices
Rendering importance_indices/new
Completed in 133ms (View: 36, DB: 0) | 200 OK [http://localhost/importance_indices/new]


Processing ImportanceIndicesController#index (for 0:0:0:0:0:0:0:1%0 at 2010-08-27 23:41:07) [GET]
  [4;35;1mImportanceIndex Load (109.0ms)[0m   [0mSELECT * FROM importance_indices [0m
  [4;36;1mTransformer Load (19.0ms)[0m   [0;1mSELECT transformer_name FROM transformer [0m
Rendering importance_indices/index
Completed in 202ms (View: 9, DB: 128) | 200 OK [http://localhost/importance_indices]


Processing ImportanceIndicesController#new (for 0:0:0:0:0:0:0:1%0 at 2010-08-27 23:41:36) [GET]
Rendering template within layouts/importance_indices
Rendering importance_indices/new
Completed in 183ms (View: 36, DB: 0) | 200 OK [http://localhost/importance_indices/new]


Processing ImportanceIndicesController#index (for 0:0:0:0:0:0:0:1%0 at 2010-08-27 23:41:37) [GET]
  [4;35;1mImportanceIndex Load (110.0ms)[0m   [0mSELECT * FROM importance_indices [0m
  [4;36;1mTransformer Load (61.0ms)[0m   [0;1mSELECT transformer_name FROM transformer [0m
Rendering importance_indices/index
Completed in 276ms (View: 24, DB: 171) | 200 OK [http://localhost/importance_indices]


Processing ImportanceIndicesController#new (for 0:0:0:0:0:0:0:1%0 at 2010-08-27 23:44:38) [GET]
Rendering template within layouts/importance_indices
Rendering importance_indices/new
Completed in 132ms (View: 33, DB: 0) | 200 OK [http://localhost/importance_indices/new]


Processing ImportanceIndicesController#index (for 0:0:0:0:0:0:0:1%0 at 2010-08-27 23:44:39) [GET]
  [4;35;1mImportanceIndex Load (88.0ms)[0m   [0mSELECT * FROM importance_indices [0m
  [4;36;1mTransformer Load (20.0ms)[0m   [0;1mSELECT transformer_name FROM transformer [0m
Rendering importance_indices/index
Completed in 189ms (View: 32, DB: 108) | 200 OK [http://localhost/importance_indices]


Processing ImportanceIndicesController#new (for 0:0:0:0:0:0:0:1%0 at 2010-08-27 23:51:02) [GET]
Rendering template within layouts/importance_indices
Rendering importance_indices/new
Completed in 122ms (View: 26, DB: 0) | 200 OK [http://localhost/importance_indices/new]


Processing ImportanceIndicesController#index (for 0:0:0:0:0:0:0:1%0 at 2010-08-27 23:51:03) [GET]
  [4;35;1mImportanceIndex Load (84.0ms)[0m   [0mSELECT * FROM importance_indices [0m
  [4;36;1mTransformer Load (19.0ms)[0m   [0;1mSELECT transformer_name FROM transformer [0m
Rendering importance_indices/index
Completed in 165ms (View: 6, DB: 103) | 200 OK [http://localhost/importance_indices]


Processing ImportanceIndicesController#new (for 0:0:0:0:0:0:0:1%0 at 2010-08-27 23:51:25) [GET]
Rendering template within layouts/importance_indices
Rendering importance_indices/new
Completed in 117ms (View: 24, DB: 0) | 200 OK [http://localhost/importance_indices/new]


Processing ImportanceIndicesController#index (for 0:0:0:0:0:0:0:1%0 at 2010-08-27 23:51:26) [GET]
  [4;35;1mImportanceIndex Load (88.0ms)[0m   [0mSELECT * FROM importance_indices [0m
  [4;36;1mTransformer Load (27.0ms)[0m   [0;1mSELECT transformer_name FROM transformer [0m
Rendering importance_indices/index
Completed in 170ms (View: 6, DB: 115) | 200 OK [http://localhost/importance_indices]


Processing ImportanceIndicesController#index (for 0:0:0:0:0:0:0:1%0 at 2010-08-27 23:51:29) [GET]
  Parameters: {"term"=>"AN"}
  [4;35;1mImportanceIndex Load (84.0ms)[0m   [0mSELECT * FROM importance_indices [0m
  [4;36;1mTransformer Load (18.0ms)[0m   [0;1mSELECT transformer_name FROM transformer [0m
Rendering importance_indices/index
Completed in 169ms (View: 6, DB: 102) | 200 OK [http://localhost/importance_indices?term=AN]


Processing ImportanceIndicesController#index (for 0:0:0:0:0:0:0:1%0 at 2010-08-27 23:51:30) [GET]
  Parameters: {"term"=>"AN-"}
  [4;35;1mImportanceIndex Load (85.0ms)[0m   [0mSELECT * FROM importance_indices [0m
  [4;36;1mTransformer Load (18.0ms)[0m   [0;1mSELECT transformer_name FROM transformer [0m
Rendering importance_indices/index
Completed in 157ms (View: 6, DB: 103) | 200 OK [http://localhost/importance_indices?term=AN-]


Processing ImportanceIndicesController#new (for 0:0:0:0:0:0:0:1%0 at 2010-08-27 23:54:25) [GET]
Rendering template within layouts/importance_indices
Rendering importance_indices/new
Completed in 128ms (View: 35, DB: 0) | 200 OK [http://localhost/importance_indices/new]


Processing ImportanceIndicesController#index (for 0:0:0:0:0:0:0:1%0 at 2010-08-27 23:54:25) [GET]
  [4;35;1mImportanceIndex Load (91.0ms)[0m   [0mSELECT * FROM importance_indices [0m
  [4;36;1mTransformer Load (195.0ms)[0m   [0;1mSELECT * FROM transformer [0m
Rendering importance_indices/index
Completed in 1329ms (View: 999, DB: 286) | 200 OK [http://localhost/importance_indices]


Processing ImportanceIndicesController#index (for 0:0:0:0:0:0:0:1%0 at 2010-08-27 23:54:34) [GET]
  Parameters: {"term"=>"an"}
  [4;35;1mImportanceIndex Load (89.0ms)[0m   [0mSELECT * FROM importance_indices [0m
  [4;36;1mTransformer Load (198.0ms)[0m   [0;1mSELECT * FROM transformer [0m
Rendering importance_indices/index
Completed in 1373ms (View: 1010, DB: 287) | 200 OK [http://localhost/importance_indices?term=an]
  [4;36;1mTransformer Load (513.0ms)[0m   [0;1mSELECT * FROM transformer [0m


Processing ImportanceIndicesController#new (for 0:0:0:0:0:0:0:1%0 at 2010-08-28 11:51:37) [GET]
Rendering template within layouts/importance_indices
Rendering importance_indices/new
Completed in 131ms (View: 38, DB: 0) | 200 OK [http://localhost/importance_indices/new]


Processing ImportanceIndicesController#index (for 0:0:0:0:0:0:0:1%0 at 2010-08-28 11:51:38) [GET]
  [4;35;1mImportanceIndex Load (95.0ms)[0m   [0mSELECT * FROM importance_indices [0m
  [4;36;1mTransformer Load (186.0ms)[0m   [0;1mSELECT * FROM transformer [0m
Rendering importance_indices/index
Completed in 448ms (View: 51, DB: 281) | 200 OK [http://localhost/importance_indices]


Processing ImportanceIndicesController#index (for 0:0:0:0:0:0:0:1%0 at 2010-08-28 11:51:47) [GET]
  Parameters: {"term"=>"AK"}
  [4;35;1mImportanceIndex Load (86.0ms)[0m   [0mSELECT * FROM importance_indices [0m
  [4;36;1mTransformer Load (213.0ms)[0m   [0;1mSELECT * FROM transformer [0m
Rendering importance_indices/index
Completed in 439ms (View: 32, DB: 299) | 200 OK [http://localhost/importance_indices?term=AK]


Processing ImportanceIndicesController#index (for 0:0:0:0:0:0:0:1%0 at 2010-08-28 11:57:16) [GET]
  Parameters: {"term"=>"ak"}
  [4;35;1mImportanceIndex Load (86.0ms)[0m   [0mSELECT * FROM importance_indices [0m
  [4;36;1mTransformer Load (193.0ms)[0m   [0;1mSELECT * FROM transformer [0m
Rendering importance_indices/index
Completed in 468ms (View: 33, DB: 279) | 200 OK [http://localhost/importance_indices?term=ak]


Processing ImportanceIndicesController#new (for 0:0:0:0:0:0:0:1%0 at 2010-08-28 11:59:38) [GET]
Rendering template within layouts/importance_indices
Rendering importance_indices/new
Completed in 117ms (View: 23, DB: 0) | 200 OK [http://localhost/importance_indices/new]


Processing ImportanceIndicesController#index (for 0:0:0:0:0:0:0:1%0 at 2010-08-28 11:59:39) [GET]
  [4;35;1mImportanceIndex Load (89.0ms)[0m   [0mSELECT * FROM importance_indices [0m
  [4;36;1mTransformer Load (183.0ms)[0m   [0;1mSELECT * FROM transformer [0m
Rendering importance_indices/index
Completed in 442ms (View: 31, DB: 272) | 200 OK [http://localhost/importance_indices]


Processing ImportanceIndicesController#index (for 0:0:0:0:0:0:0:1%0 at 2010-08-28 11:59:42) [GET]
  Parameters: {"term"=>"AK"}
  [4;35;1mImportanceIndex Load (93.0ms)[0m   [0mSELECT * FROM importance_indices [0m
  [4;36;1mTransformer Load (194.0ms)[0m   [0;1mSELECT * FROM transformer [0m
Rendering importance_indices/index
Completed in 407ms (View: 32, DB: 287) | 200 OK [http://localhost/importance_indices?term=AK]


Processing ImportanceIndicesController#index (for 0:0:0:0:0:0:0:1%0 at 2010-08-28 11:59:56) [GET]
  Parameters: {"term"=>"AKS"}
  [4;35;1mImportanceIndex Load (86.0ms)[0m   [0mSELECT * FROM importance_indices [0m
  [4;36;1mTransformer Load (184.0ms)[0m   [0;1mSELECT * FROM transformer [0m
Rendering importance_indices/index
Completed in 413ms (View: 46, DB: 270) | 200 OK [http://localhost/importance_indices?term=AKS]


Processing ImportanceIndicesController#new (for 0:0:0:0:0:0:0:1%0 at 2010-08-28 12:02:00) [GET]
Rendering template within layouts/importance_indices
Rendering importance_indices/new
Completed in 129ms (View: 23, DB: 0) | 200 OK [http://localhost/importance_indices/new]


Processing ImportanceIndicesController#index (for 0:0:0:0:0:0:0:1%0 at 2010-08-28 12:02:00) [GET]
  [4;35;1mImportanceIndex Load (95.0ms)[0m   [0mSELECT * FROM importance_indices [0m
  [4;36;1mTransformer Load (229.0ms)[0m   [0;1mSELECT * FROM transformer [0m
Rendering importance_indices/index
Completed in 473ms (View: 58, DB: 324) | 200 OK [http://localhost/importance_indices]


Processing ImportanceIndicesController#index (for 0:0:0:0:0:0:0:1%0 at 2010-08-28 12:02:03) [GET]
  Parameters: {"term"=>"ak"}
  [4;35;1mImportanceIndex Load (86.0ms)[0m   [0mSELECT * FROM importance_indices [0m
  [4;36;1mTransformer Load (229.0ms)[0m   [0;1mSELECT * FROM transformer [0m
Rendering importance_indices/index
Completed in 437ms (View: 34, DB: 315) | 200 OK [http://localhost/importance_indices?term=ak]


Processing ImportanceIndicesController#index (for 0:0:0:0:0:0:0:1%0 at 2010-08-28 12:02:04) [GET]
  Parameters: {"term"=>"aks"}
  [4;35;1mImportanceIndex Load (101.0ms)[0m   [0mSELECT * FROM importance_indices [0m
  [4;36;1mTransformer Load (224.0ms)[0m   [0;1mSELECT * FROM transformer [0m
Rendering importance_indices/index
Completed in 495ms (View: 34, DB: 325) | 200 OK [http://localhost/importance_indices?term=aks]


Processing ImportanceIndicesController#index (for 0:0:0:0:0:0:0:1%0 at 2010-08-28 12:02:19) [GET]
  Parameters: {"term"=>"ak"}
  [4;35;1mImportanceIndex Load (86.0ms)[0m   [0mSELECT * FROM importance_indices [0m
  [4;36;1mTransformer Load (182.0ms)[0m   [0;1mSELECT * FROM transformer [0m
Rendering importance_indices/index
Completed in 403ms (View: 71, DB: 268) | 200 OK [http://localhost/importance_indices?term=ak]


Processing ImportanceIndicesController#index (for 0:0:0:0:0:0:0:1%0 at 2010-08-28 12:02:46) [GET]
  Parameters: {"term"=>"aks"}
  [4;35;1mImportanceIndex Load (98.0ms)[0m   [0mSELECT * FROM importance_indices [0m
  [4;36;1mTransformer Load (181.0ms)[0m   [0;1mSELECT * FROM transformer [0m
Rendering importance_indices/index
Completed in 404ms (View: 45, DB: 279) | 200 OK [http://localhost/importance_indices?term=aks]


Processing ImportanceIndicesController#new (for 0:0:0:0:0:0:0:1%0 at 2010-08-28 12:02:56) [GET]
Rendering template within layouts/importance_indices
Rendering importance_indices/new
Completed in 134ms (View: 41, DB: 0) | 200 OK [http://localhost/importance_indices/new]


Processing ImportanceIndicesController#index (for 0:0:0:0:0:0:0:1%0 at 2010-08-28 12:02:57) [GET]
  [4;35;1mImportanceIndex Load (87.0ms)[0m   [0mSELECT * FROM importance_indices [0m
  [4;36;1mTransformer Load (180.0ms)[0m   [0;1mSELECT * FROM transformer [0m
Rendering importance_indices/index
Completed in 399ms (View: 49, DB: 267) | 200 OK [http://localhost/importance_indices]


Processing ImportanceIndicesController#index (for 0:0:0:0:0:0:0:1%0 at 2010-08-28 12:02:59) [GET]
  Parameters: {"term"=>"ak"}
  [4;35;1mImportanceIndex Load (85.0ms)[0m   [0mSELECT * FROM importance_indices [0m
  [4;36;1mTransformer Load (200.0ms)[0m   [0;1mSELECT * FROM transformer [0m
Rendering importance_indices/index
Completed in 473ms (View: 34, DB: 285) | 200 OK [http://localhost/importance_indices?term=ak]


Processing ImportanceIndicesController#index (for 0:0:0:0:0:0:0:1%0 at 2010-08-28 12:03:19) [GET]
  Parameters: {"term"=>"AN-KT1A"}
  [4;35;1mImportanceIndex Load (86.0ms)[0m   [0mSELECT * FROM importance_indices [0m
  [4;36;1mTransformer Load (184.0ms)[0m   [0;1mSELECT * FROM transformer [0m
Rendering importance_indices/index
Completed in 378ms (View: 46, DB: 270) | 200 OK [http://localhost/importance_indices?term=AN-KT1A]


Processing ImportanceIndicesController#new (for 0:0:0:0:0:0:0:1%0 at 2010-08-28 12:07:19) [GET]
Rendering template within layouts/importance_indices
Rendering importance_indices/new
Completed in 179ms (View: 70, DB: 0) | 200 OK [http://localhost/importance_indices/new]


Processing ImportanceIndicesController#index (for 0:0:0:0:0:0:0:1%0 at 2010-08-28 12:07:20) [GET]
  [4;35;1mImportanceIndex Load (87.0ms)[0m   [0mSELECT * FROM importance_indices [0m
  [4;36;1mTransformer Load (191.0ms)[0m   [0;1mSELECT * FROM transformer [0m
Rendering importance_indices/index
Completed in 400ms (View: 58, DB: 278) | 200 OK [http://localhost/importance_indices]
